<?xml version="1.0" encoding="UTF-8"?>
<!-- Generated by org.testng.reporters.JUnitXMLReporter -->
<testsuite ignored="0" hostname="WIN-EV3D3VKCHEI" failures="0" tests="3" name="Surefire test" time="4.005" errors="0" timestamp="2023-02-10T17:38:23 MSK">
  <testcase classname="com.aqa.AppTest" name="testlogin1" time="0.009"/>
  <testcase classname="com.aqa.AppTest" name="testlogin2" time="0.0"/>
  <testcase classname="com.aqa.TestLogin" name="login_Test" time="3.976"/>
</testsuite> <!-- Surefire test -->
