<?xml version="1.0" encoding="UTF-8"?>
<testng-results ignored="0" total="3" passed="3" failed="0" skipped="0">
  <reporter-output>
  </reporter-output>
  <suite started-at="2023-02-10T17:38:19 MSK" name="Surefire suite" finished-at="2023-02-10T17:38:23 MSK" duration-ms="4005">
    <groups>
    </groups>
    <test started-at="2023-02-10T17:38:19 MSK" name="Surefire test" finished-at="2023-02-10T17:38:23 MSK" duration-ms="4005">
      <class name="com.aqa.TestLogin">
        <test-method signature="login_Test()[pri:0, instance:com.aqa.TestLogin@5af97850]" started-at="2023-02-10T17:38:19 MSK" name="login_Test" finished-at="2023-02-10T17:38:23 MSK" duration-ms="3976" status="PASS">
          <reporter-output>
          </reporter-output>
        </test-method> <!-- login_Test -->
      </class> <!-- com.aqa.TestLogin -->
      <class name="com.aqa.AppTest">
        <test-method signature="testlogin1()[pri:0, instance:com.aqa.AppTest@17c386de]" started-at="2023-02-10T17:38:19 MSK" name="testlogin1" finished-at="2023-02-10T17:38:19 MSK" duration-ms="9" status="PASS">
          <reporter-output>
          </reporter-output>
        </test-method> <!-- testlogin1 -->
        <test-method signature="testlogin2()[pri:0, instance:com.aqa.AppTest@17c386de]" started-at="2023-02-10T17:38:19 MSK" name="testlogin2" finished-at="2023-02-10T17:38:19 MSK" duration-ms="0" status="PASS">
          <reporter-output>
          </reporter-output>
        </test-method> <!-- testlogin2 -->
      </class> <!-- com.aqa.AppTest -->
    </test> <!-- Surefire test -->
  </suite> <!-- Surefire suite -->
</testng-results>
